2019-04-29 22:17:30  [ main:468 ] - [ INFO ]  Starting Application on 01C910801435739 with PID 16688 (started by 01435739 in E:\liushuo\我自己的项目练习\idea_project_workspace\mySpringBootDemo)
2019-04-29 22:17:30  [ main:470 ] - [ INFO ]  No active profile set, falling back to default profiles: default
2019-04-29 22:17:30  [ main:550 ] - [ INFO ]  Refreshing org.springframework.boot.context.embedded.AnnotationConfigEmbeddedWebApplicationContext@7922d892: startup date [Mon Apr 29 22:17:30 CST 2019]; root of context hierarchy
2019-04-29 22:17:30  [ background-preinit:758 ] - [ INFO ]  HV000001: Hibernate Validator 5.2.4.Final
2019-04-29 22:17:37  [ main:7679 ] - [ INFO ]  Bean 'application' of type [class com.liusure.springboot.Application$$EnhancerBySpringCGLIB$$854db00e] is not eligible for getting processed by all BeanPostProcessors (for example: not eligible for auto-proxying)
2019-04-29 22:17:37  [ main:7984 ] - [ INFO ]  Bean 'dataSource' of type [class org.apache.tomcat.jdbc.pool.DataSource] is not eligible for getting processed by all BeanPostProcessors (for example: not eligible for auto-proxying)
2019-04-29 22:17:38  [ main:8227 ] - [ INFO ]  Bean 'sqlSessionFactoryBean' of type [class org.apache.ibatis.session.defaults.DefaultSqlSessionFactory] is not eligible for getting processed by all BeanPostProcessors (for example: not eligible for auto-proxying)
2019-04-29 22:17:38  [ main:8269 ] - [ INFO ]  Bean 'mybatis-org.mybatis.spring.boot.autoconfigure.MybatisProperties' of type [class org.mybatis.spring.boot.autoconfigure.MybatisProperties] is not eligible for getting processed by all BeanPostProcessors (for example: not eligible for auto-proxying)
2019-04-29 22:17:38  [ main:8281 ] - [ INFO ]  Bean 'org.mybatis.spring.boot.autoconfigure.MybatisAutoConfiguration' of type [class org.mybatis.spring.boot.autoconfigure.MybatisAutoConfiguration$$EnhancerBySpringCGLIB$$d462644a] is not eligible for getting processed by all BeanPostProcessors (for example: not eligible for auto-proxying)
2019-04-29 22:17:38  [ main:8305 ] - [ INFO ]  Bean 'sqlSessionTemplate' of type [class org.mybatis.spring.SqlSessionTemplate] is not eligible for getting processed by all BeanPostProcessors (for example: not eligible for auto-proxying)
2019-04-29 22:17:38  [ main:8307 ] - [ INFO ]  Bean 'innerOrgMapper' of type [class org.mybatis.spring.mapper.MapperFactoryBean] is not eligible for getting processed by all BeanPostProcessors (for example: not eligible for auto-proxying)
2019-04-29 22:17:38  [ main:8309 ] - [ INFO ]  Bean 'employeeMapper' of type [class org.mybatis.spring.mapper.MapperFactoryBean] is not eligible for getting processed by all BeanPostProcessors (for example: not eligible for auto-proxying)
2019-04-29 22:17:38  [ main:8311 ] - [ INFO ]  Bean 'cspOrderMapper' of type [class org.mybatis.spring.mapper.MapperFactoryBean] is not eligible for getting processed by all BeanPostProcessors (for example: not eligible for auto-proxying)
2019-04-29 22:17:38  [ main:8341 ] - [ INFO ]  Bean 'org.springframework.transaction.annotation.ProxyTransactionManagementConfiguration' of type [class org.springframework.transaction.annotation.ProxyTransactionManagementConfiguration$$EnhancerBySpringCGLIB$$a18e131a] is not eligible for getting processed by all BeanPostProcessors (for example: not eligible for auto-proxying)
2019-04-29 22:17:39  [ main:9503 ] - [ INFO ]  Tomcat initialized with port(s): 8086 (http)
2019-04-29 22:17:39  [ localhost-startStop-1:9867 ] - [ INFO ]  Root WebApplicationContext: initialization completed in 9320 ms
2019-04-29 22:17:40  [ localhost-startStop-1:10281 ] - [ INFO ]  Mapping servlet: 'dispatcherServlet' to [/]
2019-04-29 22:17:40  [ localhost-startStop-1:10284 ] - [ INFO ]  Mapping filter: 'characterEncodingFilter' to: [/*]
2019-04-29 22:17:40  [ localhost-startStop-1:10284 ] - [ INFO ]  Mapping filter: 'hiddenHttpMethodFilter' to: [/*]
2019-04-29 22:17:40  [ localhost-startStop-1:10284 ] - [ INFO ]  Mapping filter: 'httpPutFormContentFilter' to: [/*]
2019-04-29 22:17:40  [ localhost-startStop-1:10284 ] - [ INFO ]  Mapping filter: 'requestContextFilter' to: [/*]
2019-04-29 22:17:40  [ main:10635 ] - [ INFO ]  Looking for @ControllerAdvice: org.springframework.boot.context.embedded.AnnotationConfigEmbeddedWebApplicationContext@7922d892: startup date [Mon Apr 29 22:17:30 CST 2019]; root of context hierarchy
2019-04-29 22:17:40  [ main:10700 ] - [ INFO ]  Mapped "{[/my/getuserByid]}" onto public void com.liusure.springboot.controller.UserController.getUserInfo()
2019-04-29 22:17:40  [ main:10704 ] - [ INFO ]  Mapped "{[/error]}" onto public org.springframework.http.ResponseEntity<java.util.Map<java.lang.String, java.lang.Object>> org.springframework.boot.autoconfigure.web.BasicErrorController.error(javax.servlet.http.HttpServletRequest)
2019-04-29 22:17:40  [ main:10704 ] - [ INFO ]  Mapped "{[/error],produces=[text/html]}" onto public org.springframework.web.servlet.ModelAndView org.springframework.boot.autoconfigure.web.BasicErrorController.errorHtml(javax.servlet.http.HttpServletRequest,javax.servlet.http.HttpServletResponse)
2019-04-29 22:17:40  [ main:10751 ] - [ INFO ]  Mapped URL path [/webjars/**] onto handler of type [class org.springframework.web.servlet.resource.ResourceHttpRequestHandler]
2019-04-29 22:17:40  [ main:10751 ] - [ INFO ]  Mapped URL path [/**] onto handler of type [class org.springframework.web.servlet.resource.ResourceHttpRequestHandler]
2019-04-29 22:17:40  [ main:10801 ] - [ INFO ]  Mapped URL path [/**/favicon.ico] onto handler of type [class org.springframework.web.servlet.resource.ResourceHttpRequestHandler]
2019-04-29 22:17:41  [ main:11185 ] - [ INFO ]  Registering beans for JMX exposure on startup
2019-04-29 22:17:41  [ main:11280 ] - [ INFO ]  Tomcat started on port(s): 8086 (http)
2019-04-29 22:17:41  [ main:11284 ] - [ INFO ]  Started Application in 11.326 seconds (JVM running for 12.49)
2019-04-29 22:28:04  [ http-nio-8086-exec-1:634531 ] - [ INFO ]  FrameworkServlet 'dispatcherServlet': initialization started
2019-04-29 22:28:04  [ http-nio-8086-exec-1:634606 ] - [ INFO ]  FrameworkServlet 'dispatcherServlet': initialization completed in 74 ms
2019-04-29 22:28:06  [ http-nio-8086-exec-1:636752 ] - [ ERROR ]  这就是error日志
2019-04-29 22:28:06  [ http-nio-8086-exec-1:636752 ] - [ ERROR ]  这是error日志
2019-04-29 22:28:06  [ http-nio-8086-exec-1:636753 ] - [ INFO ]  这是info日志
